<?xml version="1.0" encoding="UTF-8"?>
<testng-results ignored="0" total="3" passed="3" failed="0" skipped="0">
  <reporter-output>
  </reporter-output>
  <suite started-at="2026-02-23T13:02:20 IST" name="Default suite" finished-at="2026-02-23T13:02:20 IST" duration-ms="116">
    <groups>
    </groups>
    <test started-at="2026-02-23T13:02:20 IST" name="Default test" finished-at="2026-02-23T13:02:20 IST" duration-ms="116">
      <class name="testngPackage.DataProvider2">
        <test-method signature="m3(java.lang.String,java.lang.String)[pri:0, instance:testngPackage.DataProvider2@158d2680]" started-at="2026-02-23T13:02:20 IST" name="m3" data-provider="TestData" finished-at="2026-02-23T13:02:20 IST" duration-ms="21" status="PASS">
          <params>
            <param index="0">
              <value>
                <![CDATA[maggi]]>
              </value>
            </param>
            <param index="1">
              <value>
                <![CDATA[anu]]>
              </value>
            </param>
          </params>
          <reporter-output>
          </reporter-output>
        </test-method> <!-- m3 -->
        <test-method signature="m3(java.lang.String,java.lang.String)[pri:0, instance:testngPackage.DataProvider2@158d2680]" started-at="2026-02-23T13:02:20 IST" name="m3" data-provider="TestData" finished-at="2026-02-23T13:02:20 IST" duration-ms="2" status="PASS">
          <params>
            <param index="0">
              <value>
                <![CDATA[megha]]>
              </value>
            </param>
            <param index="1">
              <value>
                <![CDATA[nani]]>
              </value>
            </param>
          </params>
          <reporter-output>
          </reporter-output>
        </test-method> <!-- m3 -->
        <test-method signature="m3(java.lang.String,java.lang.String)[pri:0, instance:testngPackage.DataProvider2@158d2680]" started-at="2026-02-23T13:02:20 IST" name="m3" data-provider="TestData" finished-at="2026-02-23T13:02:20 IST" duration-ms="5" status="PASS">
          <params>
            <param index="0">
              <value>
                <![CDATA[mom]]>
              </value>
            </param>
            <param index="1">
              <value>
                <![CDATA[dad]]>
              </value>
            </param>
          </params>
          <reporter-output>
          </reporter-output>
        </test-method> <!-- m3 -->
      </class> <!-- testngPackage.DataProvider2 -->
    </test> <!-- Default test -->
  </suite> <!-- Default suite -->
</testng-results>
