<?xml version="1.0" encoding="UTF-8"?>
<!-- Generated by org.testng.reporters.JUnitXMLReporter -->
<testsuite ignored="0" hostname="meghanas-MacBook-Air.local" failures="0" tests="3" name="Default test" time="0.116" errors="0" timestamp="2026-02-23T13:02:20 IST">
  <testcase classname="testngPackage.DataProvider2" name="m3" time="0.021"/>
  <testcase classname="testngPackage.DataProvider2" name="m3" time="0.002"/>
  <testcase classname="testngPackage.DataProvider2" name="m3" time="0.005"/>
</testsuite> <!-- Default test -->
