<?xml version="1.0" encoding="UTF-8"?>
<!-- Generated by org.testng.reporters.JUnitReportReporter -->
<testsuite hostname="meghanas-MacBook-Air.local" failures="0" tests="3" name="testngPackage.DataProvider2" time="0.028" errors="0" timestamp="2026-02-23T13:02:20 IST" skipped="0">
  <testcase classname="testngPackage.DataProvider2" name="m3" time="0.005"/>
  <testcase classname="testngPackage.DataProvider2" name="m3" time="0.021"/>
  <testcase classname="testngPackage.DataProvider2" name="m3" time="0.002"/>
</testsuite> <!-- testngPackage.DataProvider2 -->
