<?xml version="1.0" encoding="UTF-8"?>
<!-- Generated by org.testng.reporters.JUnitReportReporter -->
<testsuite hostname="meghanas-MacBook-Air.local" failures="0" tests="1" name="testngPackage.SearchField" time="12.758" errors="0" timestamp="2026-02-20T14:48:08 IST" skipped="0">
  <testcase classname="testngPackage.SearchField" name="votetest" time="12.758">
    <system-out>
      <![CDATA[application was launched successfully
click is completed]]>
    </system-out>
  </testcase> <!-- votetest -->
  <system-out>
    <![CDATA[application was launched successfully
click is completed]]>
  </system-out>
</testsuite> <!-- testngPackage.SearchField -->
