<?xml version="1.0" encoding="UTF-8"?>
<!-- Generated by org.testng.reporters.JUnitReportReporter -->
<testsuite hostname="meghanas-MacBook-Air.local" failures="0" tests="2" name="testngPackage.InvocationCountTest" time="25.100" errors="0" timestamp="2026-02-20T16:07:19 IST" skipped="0">
  <testcase classname="testngPackage.InvocationCountTest" name="TC1" time="13.440"/>
  <testcase classname="testngPackage.InvocationCountTest" name="TC1" time="11.660"/>
</testsuite> <!-- testngPackage.InvocationCountTest -->
