<?xml version="1.0" encoding="UTF-8"?>
<!-- Generated by org.testng.reporters.JUnitReportReporter -->
<testsuite hostname="meghanas-MacBook-Air.local" failures="0" tests="5" name="testngPackage.DependsOnMethod" time="0.034" errors="0" timestamp="2026-02-20T15:56:04 IST" skipped="0">
  <testcase classname="testngPackage.DependsOnMethod" name="SearchTest" time="0.002"/>
  <testcase classname="testngPackage.DependsOnMethod" name="AddToCartTest" time="0.010"/>
  <testcase classname="testngPackage.DependsOnMethod" name="LogOutTest" time="0.002"/>
  <testcase classname="testngPackage.DependsOnMethod" name="LoginTest" time="0.002"/>
  <testcase classname="testngPackage.DependsOnMethod" name="RegisterTest" time="0.018"/>
</testsuite> <!-- testngPackage.DependsOnMethod -->
