<?xml version="1.0" encoding="UTF-8"?>
<!-- Generated by org.testng.reporters.JUnitReportReporter -->
<testsuite hostname="meghanas-MacBook-Air.local" failures="0" tests="5" name="testngPackage.PriorityTest" time="0.033" errors="0" timestamp="2026-02-20T15:52:13 IST" skipped="0">
  <testcase classname="testngPackage.PriorityTest" name="RegisterTest" time="0.016"/>
  <testcase classname="testngPackage.PriorityTest" name="LoginTest" time="0.002"/>
  <testcase classname="testngPackage.PriorityTest" name="SearchTest" time="0.004"/>
  <testcase classname="testngPackage.PriorityTest" name="AddToCartTest" time="0.009"/>
  <testcase classname="testngPackage.PriorityTest" name="LogOutTest" time="0.002"/>
</testsuite> <!-- testngPackage.PriorityTest -->
