<?xml version="1.0" encoding="UTF-8"?>
<!-- Generated by org.testng.reporters.JUnitReportReporter -->
<testsuite hostname="meghanas-MacBook-Air.local" failures="0" tests="3" name="testngPackage.DataProviderTC" time="0.026" errors="0" timestamp="2026-02-23T12:42:12 IST" skipped="0">
  <testcase classname="testngPackage.DataProviderTC" name="m2" time="0.003"/>
  <testcase classname="testngPackage.DataProviderTC" name="m2" time="0.021"/>
  <testcase classname="testngPackage.DataProviderTC" name="m2" time="0.002"/>
</testsuite> <!-- testngPackage.DataProviderTC -->
