<?xml version="1.0" encoding="UTF-8"?>
<!-- Generated by org.testng.reporters.JUnitReportReporter -->
<testsuite hostname="meghanas-MacBook-Air.local" failures="0" tests="1" name="testngPackage.Subscribe" time="8.307" errors="0" timestamp="2026-02-20T15:04:42 IST" skipped="0">
  <testcase classname="testngPackage.Subscribe" name="votetest" time="8.307">
    <system-out>
      <![CDATA[application was launched successfully
click is completed]]>
    </system-out>
  </testcase> <!-- votetest -->
  <system-out>
    <![CDATA[application was launched successfully
click is completed]]>
  </system-out>
</testsuite> <!-- testngPackage.Subscribe -->
