<?xml version="1.0" encoding="UTF-8"?>
<!-- Generated by org.testng.reporters.JUnitXMLReporter -->
<testsuite ignored="2" hostname="meghanas-MacBook-Air.local" failures="0" tests="4" name="Test" time="0.122" errors="0" timestamp="2026-02-21T12:49:09 IST">
  <testcase classname="testngPackage.Groups1" name="DWS" time="0.016"/>
  <testcase classname="testngPackage.Groups1" name="flip" time="0.004"/>
  <testcase classname="testngPackage.Groups" name="DWS" time="0.003"/>
  <testcase classname="testngPackage.Groups" name="flip" time="0.004"/>
  <testcase classname="testngPackage.Groups1" name="Az" time="0.0">
    <ignored/>
  </testcase> <!-- Az -->
  <testcase classname="testngPackage.Groups" name="Az" time="0.0">
    <ignored/>
  </testcase> <!-- Az -->
</testsuite> <!-- Test -->
